\BOOKMARK [0][-]{Doc-Start}{Remerciements}{}% 1
\BOOKMARK [0][-]{Doc-Start}{R\351sum\351}{}% 2
\BOOKMARK [0][-]{Doc-Start}{Abstract}{}% 3
\BOOKMARK [0][-]{Doc-Start}{Notations}{}% 4
\BOOKMARK [0][-]{Doc-Start}{Introduction}{}% 5
\BOOKMARK [0][-]{chapter.1}{G\311N\311RALIT\311S}{}% 6
\BOOKMARK [1][-]{section.1.1}{Relation d'\351quivalence, groupe et sous-groupe}{chapter.1}% 7
\BOOKMARK [2][-]{subsection.1.1.1}{Relation d'\351quivalence}{section.1.1}% 8
\BOOKMARK [2][-]{subsection.1.1.2}{Relation d'ordre}{section.1.1}% 9
\BOOKMARK [2][-]{subsection.1.1.3}{Groupe}{section.1.1}% 10
\BOOKMARK [2][-]{subsection.1.1.4}{Sous-groupe}{section.1.1}% 11
\BOOKMARK [1][-]{section.1.2}{Anneau, Corps, Espace vectoriel et Morphisme d'anneaux}{chapter.1}% 12
\BOOKMARK [2][-]{subsection.1.2.1}{Anneau}{section.1.2}% 13
\BOOKMARK [2][-]{subsection.1.2.2}{Corps}{section.1.2}% 14
\BOOKMARK [2][-]{subsection.1.2.3}{Espace vectoriel}{section.1.2}% 15
\BOOKMARK [2][-]{subsection.1.2.4}{Morphisme d'anneaux}{section.1.2}% 16
\BOOKMARK [2][-]{subsection.1.2.5}{Anneau gradu\351}{section.1.2}% 17
\BOOKMARK [1][-]{section.1.3}{Module}{chapter.1}% 18
\BOOKMARK [1][-]{section.1.4}{Id\351al}{chapter.1}% 19
\BOOKMARK [2][-]{subsection.1.4.1}{Id\351al premier}{section.1.4}% 20
\BOOKMARK [2][-]{subsection.1.4.2}{Id\351al primaire}{section.1.4}% 21
\BOOKMARK [2][-]{subsection.1.4.3}{Id\351al maximal}{section.1.4}% 22
\BOOKMARK [2][-]{subsection.1.4.4}{Radical d'un id\351al}{section.1.4}% 23
\BOOKMARK [1][-]{section.1.5}{Filtrations}{chapter.1}% 24
\BOOKMARK [2][-]{subsection.1.5.1}{Filtration sur un anneau}{section.1.5}% 25
\BOOKMARK [2][-]{subsection.1.5.2}{Filtration sur un module}{section.1.5}% 26
\BOOKMARK [1][-]{section.1.6}{Anneaux gradu\351s associ\351s \340 une filtration}{chapter.1}% 27
\BOOKMARK [2][-]{subsection.1.6.1}{Anneau de Rees d'une filtration}{section.1.6}% 28
\BOOKMARK [2][-]{subsection.1.6.2}{Anneau gradu\351 d'une filtration}{section.1.6}% 29
\BOOKMARK [2][-]{subsection.1.6.3}{Quelques exemples de filtrations}{section.1.6}% 30
\BOOKMARK [2][-]{subsection.1.6.4}{Classification des filtrations sur un anneau}{section.1.6}% 31
\BOOKMARK [2][-]{subsection.1.6.5}{Caract\351risation des filtrations}{section.1.6}% 32
\BOOKMARK [0][-]{chapter.2}{D\311PENDANCE INT\311GRALE, R\311DUCTION ET FILTRATION I-ADIQUE}{}% 33
\BOOKMARK [1][-]{section.2.1}{D\351pendance int\351grale}{chapter.2}% 34
\BOOKMARK [2][-]{subsection.2.1.1}{D\351pendance int\351grale sur les anneaux}{section.2.1}% 35
\BOOKMARK [2][-]{subsection.2.1.2}{D\351pendance int\351grale sur un id\351al}{section.2.1}% 36
\BOOKMARK [1][-]{section.2.2}{R\351duction d'un id\351al}{chapter.2}% 37
\BOOKMARK [2][-]{subsection.2.2.1}{D\351finitions et propri\351t\351s}{section.2.2}% 38
\BOOKMARK [2][-]{subsection.2.2.2}{R\351duction minimale d'un id\351al}{section.2.2}% 39
\BOOKMARK [0][-]{chapter.3}{D\311PENDANCE, R\311DUCTION ET FILTRATIONS BONNES}{}% 40
\BOOKMARK [1][-]{section.3.1}{D\351pendance int\351grale de filtration}{chapter.3}% 41
\BOOKMARK [1][-]{section.3.2}{Cl\364ture int\351grale d'une filtration}{chapter.3}% 42
\BOOKMARK [1][-]{section.3.3}{R\351duction d'une filtration}{chapter.3}% 43
\BOOKMARK [2][-]{subsection.3.3.1}{R\351duction au sens de Okon-Ratliff}{section.3.3}% 44
\BOOKMARK [2][-]{subsection.3.3.2}{R\351duction au sens de Dichi-Sangar\351}{section.3.3}% 45
\BOOKMARK [1][-]{section.3.4}{Filtrations f-bonnes}{chapter.3}% 46
\BOOKMARK [0][-]{maremarque.3.6}{Conclusion et perspectives}{}% 47
\BOOKMARK [0][-]{chapter*.14}{Bibliographie}{}% 48
